<?xml version="1.0" encoding="utf-8"?><testsuites name="pytest tests"><testsuite name="pytest" errors="0" failures="0" skipped="0" tests="6" time="0.025" timestamp="2026-02-21T22:18:57.929813+00:00" hostname="agent-env-a37bbb2c-76a7-470c-b2fb-58e90f2edd15"><testcase classname="tests.test_karaoke_subtitles.TestKaraokeSubtitles" name="test_karaoke_subtitle_generation_basic" time="0.001" /><testcase classname="tests.test_karaoke_subtitles.TestKaraokeSubtitles" name="test_karaoke_only_one_word_yellow" time="0.001" /><testcase classname="tests.test_karaoke_subtitles.TestKaraokeSubtitles" name="test_karaoke_color_sequence" time="0.001" /><testcase classname="tests.test_karaoke_subtitles.TestKaraokeSubtitles" name="test_karaoke_no_timestamps_fallback" time="0.001" /><testcase classname="tests.test_karaoke_subtitles.TestKaraokeSubtitles" name="test_karaoke_empty_script" time="0.001" /><testcase classname="tests.test_karaoke_subtitles.TestKaraokeSubtitles" name="test_format_ass_time" time="0.000" /></testsuite></testsuites>